<?xml version="1.0" encoding="UTF-8"?>
<!-- Generated by org.testng.reporters.JUnitReportReporter -->
<testsuite skipped="0" hostname="DESKTOP-5VOUPJ0" name="com.class03.AllClassTests" tests="4" failures="0" timestamp="06 Jun 2019 19:55:38 GMT" time="0.012" errors="0">
  <testcase name="one" time="0.002" classname="com.class03.AllClassTests"/>
  <testcase name="three" time="0.001" classname="com.class03.AllClassTests"/>
  <testcase name="four" time="0.008" classname="com.class03.AllClassTests"/>
  <testcase name="two" time="0.001" classname="com.class03.AllClassTests"/>
</testsuite> <!-- com.class03.AllClassTests -->
