<?xml version="1.0" encoding="UTF-8"?>
<!-- Generated by org.testng.reporters.JUnitReportReporter -->
<testsuite skipped="2" hostname="DESKTOP-5VOUPJ0" name="com.class02.HomeWork" tests="7" failures="0" timestamp="05 Jun 2019 18:05:55 GMT" time="8.369" errors="0">
  <testcase name="login" time="0.959" classname="com.class02.HomeWork"/>
  <testcase name="verificationOfLogin" time="0.051" classname="com.class02.HomeWork"/>
  <testcase name="addEmployee" time="6.006" classname="com.class02.HomeWork"/>
  <testcase name="employeeAddingVerification" time="0.032" classname="com.class02.HomeWork"/>
  <testcase name="employeeInfoVerification" time="1.321" classname="com.class02.HomeWork"/>
  <testcase name="refresh2" classname="com.class02.HomeWork">
    <skipped/>
  </testcase> <!-- refresh2 -->
  <testcase name="refresh" classname="com.class02.HomeWork">
    <skipped/>
  </testcase> <!-- refresh -->
</testsuite> <!-- com.class02.HomeWork -->
