<?xml version="1.0" encoding="UTF-8"?>
<!-- Generated by org.testng.reporters.JUnitReportReporter -->
<testsuite skipped="0" hostname="DESKTOP-5VOUPJ0" name="com.class03.taskOne" tests="1" failures="0" timestamp="06 Jun 2019 13:19:22 GMT" time="6.901" errors="0">
  <testcase name="personFourLogin" time="6.901" classname="com.class03.taskOne"/>
</testsuite> <!-- com.class03.taskOne -->
