<?xml version="1.0" encoding="UTF-8"?>
<!-- Generated by org.testng.reporters.JUnitReportReporter -->
<testsuite skipped="0" hostname="DESKTOP-5VOUPJ0" name="com.class04.TaskSwag" tests="1" failures="0" timestamp="07 Jun 2019 15:25:36 GMT" time="5.850" errors="0">
  <testcase name="loginUserOne" time="5.850" classname="com.class04.TaskSwag"/>
</testsuite> <!-- com.class04.TaskSwag -->
