<?xml version="1.0" encoding="UTF-8"?>
<!-- Generated by org.testng.reporters.JUnitReportReporter -->
<testsuite skipped="0" hostname="DESKTOP-5VOUPJ0" name="com.class04.DataProviderTest" tests="3" failures="0" timestamp="08 Jun 2019 18:50:46 GMT" time="0.017" errors="0">
  <testcase name="getData" time="0.001" classname="com.class04.DataProviderTest"/>
  <testcase name="getData" time="0.015" classname="com.class04.DataProviderTest"/>
  <testcase name="getData" time="0.001" classname="com.class04.DataProviderTest"/>
</testsuite> <!-- com.class04.DataProviderTest -->
