<?xml version="1.0" encoding="UTF-8"?>
<!-- Generated by org.testng.reporters.JUnitReportReporter -->
<testsuite skipped="0" hostname="DESKTOP-5VOUPJ0" name="com.class04.ToolsQaExample" tests="4" failures="0" timestamp="07 Jun 2019 14:37:08 GMT" time="36.161" errors="0">
  <testcase name="getData" time="9.785" classname="com.class04.ToolsQaExample"/>
  <testcase name="getData" time="9.286" classname="com.class04.ToolsQaExample"/>
  <testcase name="getData" time="8.436" classname="com.class04.ToolsQaExample"/>
  <testcase name="getData" time="8.654" classname="com.class04.ToolsQaExample"/>
</testsuite> <!-- com.class04.ToolsQaExample -->
