<?xml version="1.0" encoding="UTF-8"?>
<!-- Generated by org.testng.reporters.JUnitReportReporter -->
<testsuite skipped="0" hostname="DESKTOP-5VOUPJ0" name="com.class03.RegularExpressionDemo" tests="3" failures="0" timestamp="06 Jun 2019 19:55:03 GMT" time="0.016" errors="0">
  <testcase name="testWindowsToo" time="0.000" classname="com.class03.RegularExpressionDemo"/>
  <testcase name="testLinuxOnly" time="0.016" classname="com.class03.RegularExpressionDemo"/>
  <testcase name="testWindowsOnly" time="0.000" classname="com.class03.RegularExpressionDemo"/>
</testsuite> <!-- com.class03.RegularExpressionDemo -->
