<?xml version="1.0" encoding="UTF-8"?>
<!-- Generated by org.testng.reporters.JUnitReportReporter -->
<testsuite skipped="0" hostname="DESKTOP-5VOUPJ0" name="com.class01.Task2" tests="2" failures="0" timestamp="04 Jun 2019 22:26:09 GMT" time="0.000" errors="0">
  <testcase name="test1" time="0.000" classname="com.class01.Task2"/>
  <testcase name="test2" time="0.000" classname="com.class01.Task2"/>
</testsuite> <!-- com.class01.Task2 -->
