<?xml version="1.0" encoding="UTF-8"?>
<!-- Generated by org.testng.reporters.JUnitReportReporter -->
<testsuite skipped="0" hostname="DESKTOP-5VOUPJ0" name="com.class04.SwagWithParameters" tests="2" failures="0" timestamp="07 Jun 2019 19:19:50 GMT" time="11.303" errors="0">
  <testcase name="loginUserTwo" time="5.132" classname="com.class04.SwagWithParameters"/>
  <testcase name="loginUserOne" time="6.171" classname="com.class04.SwagWithParameters"/>
</testsuite> <!-- com.class04.SwagWithParameters -->
