<?xml version="1.0" encoding="UTF-8"?>
<!-- Generated by org.testng.reporters.JUnitReportReporter -->
<testsuite skipped="1" hostname="DESKTOP-5VOUPJ0" name="com.class02.smartbearsoftware" tests="3" failures="0" timestamp="31 May 2019 00:31:33 GMT" time="0.892" errors="0">
  <testcase name="loginScreenTitle" time="0.023" classname="com.class02.smartbearsoftware"/>
  <testcase name="login" time="0.869" classname="com.class02.smartbearsoftware"/>
  <testcase name="webOrders" classname="com.class02.smartbearsoftware">
    <skipped/>
  </testcase> <!-- webOrders -->
</testsuite> <!-- com.class02.smartbearsoftware -->
