<?xml version="1.0" encoding="UTF-8"?>
<!-- Generated by org.testng.reporters.JUnitReportReporter -->
<testsuite skipped="0" hostname="DESKTOP-5VOUPJ0" name="com.class03.BasicXMLPartTwo" tests="6" failures="0" timestamp="06 Jun 2019 19:05:39 GMT" time="0.000" errors="0">
  <testcase name="testSecondFromBasic2" time="0.000" classname="com.class03.BasicXMLPartTwo"/>
  <testcase name="testSecondFromBasic2" time="0.000" classname="com.class03.BasicXMLPartTwo"/>
  <testcase name="testOneFromBasic2" time="0.000" classname="com.class03.BasicXMLPartTwo"/>
  <testcase name="testThirdFromBasic2" time="0.000" classname="com.class03.BasicXMLPartTwo"/>
  <testcase name="testThirdFromBasic2" time="0.000" classname="com.class03.BasicXMLPartTwo"/>
  <testcase name="testOneFromBasic2" time="0.000" classname="com.class03.BasicXMLPartTwo"/>
</testsuite> <!-- com.class03.BasicXMLPartTwo -->
