<?xml version="1.0" encoding="UTF-8"?>
<!-- Generated by org.testng.reporters.JUnitReportReporter -->
<testsuite skipped="2" hostname="DESKTOP-5VOUPJ0" name="com.class02.enableAndDisable" tests="4" failures="0" timestamp="04 Jun 2019 23:19:10 GMT" time="0.016" errors="0">
  <testcase name="second" time="0.000" classname="com.class02.enableAndDisable"/>
  <testcase name="fourth" time="0.016" classname="com.class02.enableAndDisable"/>
  <testcase name="third" classname="com.class02.enableAndDisable">
    <skipped/>
  </testcase> <!-- third -->
  <testcase name="first" classname="com.class02.enableAndDisable">
    <skipped/>
  </testcase> <!-- first -->
</testsuite> <!-- com.class02.enableAndDisable -->
