<?xml version="1.0" encoding="UTF-8"?>
<!-- Generated by org.testng.reporters.JUnitReportReporter -->
<testsuite skipped="0" hostname="DESKTOP-5VOUPJ0" name="com.class03.dependsOnGroups" tests="3" failures="0" timestamp="06 Jun 2019 01:57:58 GMT" time="0.000" errors="0">
  <testcase name="one" time="0.000" classname="com.class03.dependsOnGroups"/>
  <testcase name="two" time="0.000" classname="com.class03.dependsOnGroups"/>
  <testcase name="three" time="0.000" classname="com.class03.dependsOnGroups"/>
</testsuite> <!-- com.class03.dependsOnGroups -->
