<?xml version="1.0" encoding="UTF-8"?>
<!-- Generated by org.testng.reporters.JUnitReportReporter -->
<testsuite skipped="0" hostname="DESKTOP-5VOUPJ0" name="com.class01.Task" tests="1" failures="0" timestamp="30 May 2019 15:36:48 GMT" time="5.816" errors="0">
  <testcase name="login" time="5.816" classname="com.class01.Task"/>
</testsuite> <!-- com.class01.Task -->
