<?xml version="1.0" encoding="UTF-8"?>
<!-- Generated by org.testng.reporters.JUnitReportReporter -->
<testsuite skipped="0" hostname="DESKTOP-5VOUPJ0" name="com.class02.priority" tests="4" failures="0" timestamp="04 Jun 2019 22:59:48 GMT" time="0.000" errors="0">
  <testcase name="first" time="0.000" classname="com.class02.priority"/>
  <testcase name="second" time="0.000" classname="com.class02.priority"/>
  <testcase name="third" time="0.000" classname="com.class02.priority"/>
  <testcase name="fourth" time="0.000" classname="com.class02.priority"/>
</testsuite> <!-- com.class02.priority -->
