<?xml version="1.0" encoding="UTF-8"?>
<!-- Generated by org.testng.reporters.JUnitReportReporter -->
<testsuite skipped="0" hostname="DESKTOP-5VOUPJ0" name="com.class01.beforeAndAfterMethod" tests="2" failures="0" timestamp="04 Jun 2019 22:27:59 GMT" time="0.015" errors="0">
  <testcase name="testMethodTwo" time="0.000" classname="com.class01.beforeAndAfterMethod"/>
  <testcase name="testMethodOne" time="0.015" classname="com.class01.beforeAndAfterMethod"/>
</testsuite> <!-- com.class01.beforeAndAfterMethod -->
