<?xml version="1.0" encoding="UTF-8"?>
<!-- Generated by org.testng.reporters.JUnitReportReporter -->
<testsuite skipped="0" hostname="DESKTOP-5VOUPJ0" name="com.class05.SauceDemoParallel" tests="2" failures="0" timestamp="13 Jun 2019 22:55:22 GMT" time="15.620" errors="0">
  <testcase name="testCrossBrowser" time="8.428" classname="com.class05.SauceDemoParallel"/>
  <testcase name="testCrossBrowser" time="7.192" classname="com.class05.SauceDemoParallel"/>
</testsuite> <!-- com.class05.SauceDemoParallel -->
