<?xml version="1.0" encoding="UTF-8"?>
<!-- Generated by org.testng.reporters.JUnitReportReporter -->
<testsuite skipped="1" hostname="DESKTOP-5VOUPJ0" name="com.class02.OrangeHRM" tests="2" failures="0" timestamp="31 May 2019 00:25:21 GMT" time="7.174" errors="0">
  <testcase name="login" time="7.174" classname="com.class02.OrangeHRM"/>
  <testcase name="refresh" classname="com.class02.OrangeHRM">
    <skipped/>
  </testcase> <!-- refresh -->
</testsuite> <!-- com.class02.OrangeHRM -->
