<?xml version="1.0" encoding="UTF-8"?>
<!-- Generated by org.testng.reporters.JUnitReportReporter -->
<testsuite skipped="0" hostname="DESKTOP-5VOUPJ0" name="com.class04.HomeWokr" tests="5" failures="0" timestamp="10 Jun 2019 22:49:29 GMT" time="29.807" errors="0">
  <testcase name="login" time="0.581" classname="com.class04.HomeWokr"/>
  <testcase name="loginVerification" time="0.067" classname="com.class04.HomeWokr"/>
  <testcase name="creatingUser" time="2.006" classname="com.class04.HomeWokr"/>
  <testcase name="creatingUser" time="1.263" classname="com.class04.HomeWokr"/>
  <testcase name="userVerification" time="25.890" classname="com.class04.HomeWokr"/>
</testsuite> <!-- com.class04.HomeWokr -->
