<?xml version="1.0" encoding="UTF-8"?>
<!-- Generated by org.testng.reporters.JUnitReportReporter -->
<testsuite skipped="0" hostname="DESKTOP-5VOUPJ0" name="com.class03.AllClassGroups" tests="4" failures="0" timestamp="06 Jun 2019 14:10:55 GMT" time="0.011" errors="0">
  <testcase name="one" time="0.002" classname="com.class03.AllClassGroups"/>
  <testcase name="three" time="0.001" classname="com.class03.AllClassGroups"/>
  <testcase name="four" time="0.007" classname="com.class03.AllClassGroups"/>
  <testcase name="two" time="0.001" classname="com.class03.AllClassGroups"/>
</testsuite> <!-- com.class03.AllClassGroups -->
