<?xml version="1.0" encoding="UTF-8"?>
<!-- Generated by org.testng.reporters.JUnitReportReporter -->
<testsuite skipped="0" hostname="DESKTOP-5VOUPJ0" name="com.class01.orangehrm" tests="1" failures="0" timestamp="04 Jun 2019 22:24:23 GMT" time="10.243" errors="0">
  <testcase name="login" time="10.243" classname="com.class01.orangehrm"/>
</testsuite> <!-- com.class01.orangehrm -->
