<?xml version="1.0" encoding="UTF-8"?>
<!-- Generated by org.testng.reporters.JUnitReportReporter -->
<testsuite skipped="0" hostname="DESKTOP-5VOUPJ0" name="com.class03.dependsOnMethods" tests="3" failures="0" timestamp="06 Jun 2019 14:30:21 GMT" time="0.011" errors="0">
  <testcase name="three" time="0.001" classname="com.class03.dependsOnMethods"/>
  <testcase name="one" time="0.002" classname="com.class03.dependsOnMethods"/>
  <testcase name="two" time="0.008" classname="com.class03.dependsOnMethods"/>
</testsuite> <!-- com.class03.dependsOnMethods -->
