<?xml version="1.0" encoding="UTF-8"?>
<!-- Generated by org.testng.reporters.JUnitReportReporter -->
<testsuite skipped="0" hostname="DESKTOP-5VOUPJ0" name="com.class04.newTourExample" tests="1" failures="0" timestamp="07 Jun 2019 14:41:03 GMT" time="7.280" errors="0">
  <testcase name="userInformation" time="7.280" classname="com.class04.newTourExample"/>
</testsuite> <!-- com.class04.newTourExample -->
