<?xml version="1.0" encoding="UTF-8"?>
<!-- Generated by org.testng.reporters.JUnitReportReporter -->
<testsuite skipped="0" hostname="DESKTOP-5VOUPJ0" name="com.class04.parameterExampleThree" tests="1" failures="0" timestamp="07 Jun 2019 20:12:17 GMT" time="0.000" errors="0">
  <testcase name="userNames" time="0.000" classname="com.class04.parameterExampleThree"/>
</testsuite> <!-- com.class04.parameterExampleThree -->
