<?xml version="1.0" encoding="UTF-8"?>
<!-- Generated by org.testng.reporters.JUnitReportReporter -->
<testsuite skipped="0" hostname="DESKTOP-5VOUPJ0" name="com.class03.BasicXMLPartOne" tests="6" failures="0" timestamp="06 Jun 2019 19:05:39 GMT" time="0.015" errors="0">
  <testcase name="testThirdFromBasic1" time="0.000" classname="com.class03.BasicXMLPartOne"/>
  <testcase name="testSecondFromBasic1" time="0.000" classname="com.class03.BasicXMLPartOne"/>
  <testcase name="testOneFromBasic1" time="0.000" classname="com.class03.BasicXMLPartOne"/>
  <testcase name="testSecondFromBasic1" time="0.015" classname="com.class03.BasicXMLPartOne"/>
  <testcase name="testThirdFromBasic1" time="0.000" classname="com.class03.BasicXMLPartOne"/>
  <testcase name="testOneFromBasic1" time="0.000" classname="com.class03.BasicXMLPartOne"/>
</testsuite> <!-- com.class03.BasicXMLPartOne -->
