<?xml version="1.0" encoding="UTF-8"?>
<!-- Generated by org.testng.reporters.JUnitReportReporter -->
<testsuite skipped="0" hostname="DESKTOP-5VOUPJ0" name="com.class03.MethodsExample" tests="3" failures="0" timestamp="06 Jun 2019 19:02:54 GMT" time="0.015" errors="0">
  <testcase name="Two" time="0.000" classname="com.class03.MethodsExample"/>
  <testcase name="Four" time="0.015" classname="com.class03.MethodsExample"/>
  <testcase name="Three" time="0.000" classname="com.class03.MethodsExample"/>
</testsuite> <!-- com.class03.MethodsExample -->
