<?xml version="1.0" encoding="UTF-8"?>
<!-- Generated by org.testng.reporters.JUnitReportReporter -->
<testsuite skipped="0" hostname="DESKTOP-5VOUPJ0" name="com.class04.ParameterExampleTwo" tests="1" failures="0" timestamp="07 Jun 2019 00:56:53 GMT" time="6.115" errors="0">
  <testcase name="testGoogle" time="6.115" classname="com.class04.ParameterExampleTwo"/>
</testsuite> <!-- com.class04.ParameterExampleTwo -->
