<?xml version="1.0" encoding="UTF-8"?>
<!-- Generated by org.testng.reporters.JUnitReportReporter -->
<testsuite skipped="0" hostname="DESKTOP-5VOUPJ0" name="com.class01.test" tests="3" failures="0" timestamp="04 Jun 2019 21:04:25 GMT" time="0.001" errors="0">
  <testcase name="test" time="0.000" classname="com.class01.test"/>
  <testcase name="a" time="0.000" classname="com.class01.test"/>
  <testcase name="b" time="0.001" classname="com.class01.test"/>
</testsuite> <!-- com.class01.test -->
